{"/home/prabowosakti/belajar-nodejs-ulises/NodeJS-for-Beginners/step0/server.mjs": {"path":"/home/prabowosakti/belajar-nodejs-ulises/NodeJS-for-Beginners/step0/server.mjs","all":false,"statementMap":{"0":{"start":{"line":1,"column":0},"end":{"line":1,"column":29}},"1":{"start":{"line":2,"column":0},"end":{"line":2,"column":36}},"2":{"start":{"line":3,"column":0},"end":{"line":3,"column":77}},"3":{"start":{"line":4,"column":0},"end":{"line":4,"column":0}},"4":{"start":{"line":5,"column":0},"end":{"line":5,"column":21}},"5":{"start":{"line":6,"column":0},"end":{"line":6,"column":33}},"6":{"start":{"line":7,"column":0},"end":{"line":7,"column":26}},"7":{"start":{"line":8,"column":0},"end":{"line":8,"column":29}},"8":{"start":{"line":9,"column":0},"end":{"line":9,"column":0}},"9":{"start":{"line":10,"column":0},"end":{"line":10,"column":39}},"10":{"start":{"line":11,"column":0},"end":{"line":11,"column":33}},"11":{"start":{"line":12,"column":0},"end":{"line":12,"column":0}},"12":{"start":{"line":13,"column":0},"end":{"line":13,"column":35}},"13":{"start":{"line":14,"column":0},"end":{"line":14,"column":2}},"14":{"start":{"line":15,"column":0},"end":{"line":15,"column":0}},"15":{"start":{"line":16,"column":0},"end":{"line":16,"column":48}},"16":{"start":{"line":17,"column":0},"end":{"line":17,"column":33}},"17":{"start":{"line":18,"column":0},"end":{"line":18,"column":20}},"18":{"start":{"line":19,"column":0},"end":{"line":19,"column":2}},"19":{"start":{"line":20,"column":0},"end":{"line":20,"column":0}},"20":{"start":{"line":21,"column":0},"end":{"line":21,"column":52}},"21":{"start":{"line":22,"column":0},"end":{"line":22,"column":36}},"22":{"start":{"line":23,"column":0},"end":{"line":23,"column":36}},"23":{"start":{"line":24,"column":0},"end":{"line":24,"column":18}},"24":{"start":{"line":25,"column":0},"end":{"line":25,"column":23}},"25":{"start":{"line":26,"column":0},"end":{"line":26,"column":10}},"26":{"start":{"line":27,"column":0},"end":{"line":27,"column":22}},"27":{"start":{"line":28,"column":0},"end":{"line":28,"column":3}},"28":{"start":{"line":29,"column":0},"end":{"line":29,"column":2}},"29":{"start":{"line":30,"column":0},"end":{"line":30,"column":0}},"30":{"start":{"line":31,"column":0},"end":{"line":31,"column":49}},"31":{"start":{"line":32,"column":0},"end":{"line":32,"column":30}},"32":{"start":{"line":33,"column":0},"end":{"line":33,"column":17}},"33":{"start":{"line":34,"column":0},"end":{"line":34,"column":23}},"34":{"start":{"line":35,"column":0},"end":{"line":35,"column":10}},"35":{"start":{"line":36,"column":0},"end":{"line":36,"column":41}},"36":{"start":{"line":37,"column":0},"end":{"line":37,"column":33}},"37":{"start":{"line":38,"column":0},"end":{"line":38,"column":3}},"38":{"start":{"line":39,"column":0},"end":{"line":39,"column":2}},"39":{"start":{"line":40,"column":0},"end":{"line":40,"column":0}},"40":{"start":{"line":41,"column":0},"end":{"line":41,"column":52}},"41":{"start":{"line":42,"column":0},"end":{"line":42,"column":30}},"42":{"start":{"line":43,"column":0},"end":{"line":43,"column":36}},"43":{"start":{"line":44,"column":0},"end":{"line":44,"column":0}},"44":{"start":{"line":45,"column":0},"end":{"line":45,"column":17}},"45":{"start":{"line":46,"column":0},"end":{"line":46,"column":23}},"46":{"start":{"line":47,"column":0},"end":{"line":47,"column":10}},"47":{"start":{"line":48,"column":0},"end":{"line":48,"column":3}},"48":{"start":{"line":49,"column":0},"end":{"line":49,"column":0}},"49":{"start":{"line":50,"column":0},"end":{"line":50,"column":35}},"50":{"start":{"line":51,"column":0},"end":{"line":51,"column":17}},"51":{"start":{"line":52,"column":0},"end":{"line":52,"column":23}},"52":{"start":{"line":53,"column":0},"end":{"line":53,"column":10}},"53":{"start":{"line":54,"column":0},"end":{"line":54,"column":33}},"54":{"start":{"line":55,"column":0},"end":{"line":55,"column":23}},"55":{"start":{"line":56,"column":0},"end":{"line":56,"column":3}},"56":{"start":{"line":57,"column":0},"end":{"line":57,"column":2}},"57":{"start":{"line":58,"column":0},"end":{"line":58,"column":0}},"58":{"start":{"line":59,"column":0},"end":{"line":59,"column":55}},"59":{"start":{"line":60,"column":0},"end":{"line":60,"column":36}},"60":{"start":{"line":61,"column":0},"end":{"line":61,"column":35}},"61":{"start":{"line":62,"column":0},"end":{"line":62,"column":0}},"62":{"start":{"line":63,"column":0},"end":{"line":63,"column":17}},"63":{"start":{"line":64,"column":0},"end":{"line":64,"column":23}},"64":{"start":{"line":65,"column":0},"end":{"line":65,"column":10}},"65":{"start":{"line":66,"column":0},"end":{"line":66,"column":3}},"66":{"start":{"line":67,"column":0},"end":{"line":67,"column":22}},"67":{"start":{"line":68,"column":0},"end":{"line":68,"column":21}},"68":{"start":{"line":69,"column":0},"end":{"line":69,"column":2}},"69":{"start":{"line":70,"column":0},"end":{"line":70,"column":0}},"70":{"start":{"line":71,"column":0},"end":{"line":71,"column":14}}},"s":{"0":1,"1":0,"2":1,"3":1,"4":1,"5":1,"6":1,"7":1,"8":1,"9":1,"10":0,"11":0,"12":0,"13":1,"14":1,"15":1,"16":2,"17":2,"18":1,"19":1,"20":1,"21":2,"22":2,"23":2,"24":1,"25":1,"26":1,"27":1,"28":1,"29":1,"30":1,"31":3,"32":3,"33":2,"34":1,"35":1,"36":1,"37":1,"38":1,"39":1,"40":1,"41":4,"42":4,"43":4,"44":4,"45":2,"46":2,"47":2,"48":2,"49":2,"50":2,"51":1,"52":1,"53":1,"54":1,"55":1,"56":1,"57":1,"58":1,"59":2,"60":2,"61":2,"62":2,"63":1,"64":1,"65":1,"66":1,"67":1,"68":1,"69":1,"70":1},"branchMap":{"0":{"type":"branch","line":2,"loc":{"start":{"line":2,"column":0},"end":{"line":2,"column":36}},"locations":[{"start":{"line":2,"column":0},"end":{"line":2,"column":36}}]},"1":{"type":"branch","line":2,"loc":{"start":{"line":2,"column":0},"end":{"line":2,"column":36}},"locations":[{"start":{"line":2,"column":0},"end":{"line":2,"column":36}}]},"2":{"type":"branch","line":2,"loc":{"start":{"line":2,"column":0},"end":{"line":2,"column":36}},"locations":[{"start":{"line":2,"column":0},"end":{"line":2,"column":36}}]},"3":{"type":"branch","line":2,"loc":{"start":{"line":2,"column":0},"end":{"line":2,"column":36}},"locations":[{"start":{"line":2,"column":0},"end":{"line":2,"column":36}}]},"4":{"type":"branch","line":2,"loc":{"start":{"line":2,"column":0},"end":{"line":2,"column":36}},"locations":[{"start":{"line":2,"column":0},"end":{"line":2,"column":36}}]},"5":{"type":"branch","line":2,"loc":{"start":{"line":2,"column":0},"end":{"line":2,"column":36}},"locations":[{"start":{"line":2,"column":0},"end":{"line":2,"column":36}}]},"6":{"type":"branch","line":2,"loc":{"start":{"line":2,"column":0},"end":{"line":2,"column":36}},"locations":[{"start":{"line":2,"column":0},"end":{"line":2,"column":36}}]},"7":{"type":"branch","line":2,"loc":{"start":{"line":2,"column":0},"end":{"line":2,"column":36}},"locations":[{"start":{"line":2,"column":0},"end":{"line":2,"column":36}}]},"8":{"type":"branch","line":10,"loc":{"start":{"line":10,"column":16},"end":{"line":14,"column":2}},"locations":[{"start":{"line":10,"column":16},"end":{"line":14,"column":2}}]},"9":{"type":"branch","line":16,"loc":{"start":{"line":16,"column":25},"end":{"line":19,"column":2}},"locations":[{"start":{"line":16,"column":25},"end":{"line":19,"column":2}}]},"10":{"type":"branch","line":16,"loc":{"start":{"line":16,"column":27},"end":{"line":18,"column":20}},"locations":[{"start":{"line":16,"column":27},"end":{"line":18,"column":20}}]},"11":{"type":"branch","line":16,"loc":{"start":{"line":16,"column":42},"end":{"line":18,"column":20}},"locations":[{"start":{"line":16,"column":42},"end":{"line":18,"column":20}}]},"12":{"type":"branch","line":16,"loc":{"start":{"line":16,"column":42},"end":{"line":17,"column":33}},"locations":[{"start":{"line":16,"column":42},"end":{"line":17,"column":33}}]},"13":{"type":"branch","line":18,"loc":{"start":{"line":18,"column":-1},"end":{"line":18,"column":20}},"locations":[{"start":{"line":18,"column":-1},"end":{"line":18,"column":20}}]},"14":{"type":"branch","line":19,"loc":{"start":{"line":19,"column":1},"end":{"line":19,"column":2}},"locations":[{"start":{"line":19,"column":1},"end":{"line":19,"column":2}}]},"15":{"type":"branch","line":21,"loc":{"start":{"line":21,"column":29},"end":{"line":29,"column":2}},"locations":[{"start":{"line":21,"column":29},"end":{"line":29,"column":2}}]},"16":{"type":"branch","line":21,"loc":{"start":{"line":21,"column":31},"end":{"line":28,"column":3}},"locations":[{"start":{"line":21,"column":31},"end":{"line":28,"column":3}}]},"17":{"type":"branch","line":21,"loc":{"start":{"line":21,"column":46},"end":{"line":28,"column":3}},"locations":[{"start":{"line":21,"column":46},"end":{"line":28,"column":3}}]},"18":{"type":"branch","line":21,"loc":{"start":{"line":21,"column":46},"end":{"line":23,"column":36}},"locations":[{"start":{"line":21,"column":46},"end":{"line":23,"column":36}}]},"19":{"type":"branch","line":24,"loc":{"start":{"line":24,"column":-1},"end":{"line":28,"column":3}},"locations":[{"start":{"line":24,"column":-1},"end":{"line":28,"column":3}}]},"20":{"type":"branch","line":24,"loc":{"start":{"line":24,"column":17},"end":{"line":28,"column":3}},"locations":[{"start":{"line":24,"column":17},"end":{"line":28,"column":3}}]},"21":{"type":"branch","line":29,"loc":{"start":{"line":29,"column":1},"end":{"line":29,"column":2}},"locations":[{"start":{"line":29,"column":1},"end":{"line":29,"column":2}}]},"22":{"type":"branch","line":31,"loc":{"start":{"line":31,"column":26},"end":{"line":39,"column":2}},"locations":[{"start":{"line":31,"column":26},"end":{"line":39,"column":2}}]},"23":{"type":"branch","line":31,"loc":{"start":{"line":31,"column":28},"end":{"line":37,"column":33}},"locations":[{"start":{"line":31,"column":28},"end":{"line":37,"column":33}}]},"24":{"type":"branch","line":31,"loc":{"start":{"line":31,"column":43},"end":{"line":37,"column":33}},"locations":[{"start":{"line":31,"column":43},"end":{"line":37,"column":33}}]},"25":{"type":"branch","line":31,"loc":{"start":{"line":31,"column":43},"end":{"line":37,"column":33}},"locations":[{"start":{"line":31,"column":43},"end":{"line":37,"column":33}}]},"26":{"type":"branch","line":31,"loc":{"start":{"line":31,"column":43},"end":{"line":34,"column":23}},"locations":[{"start":{"line":31,"column":43},"end":{"line":34,"column":23}}]},"27":{"type":"branch","line":33,"loc":{"start":{"line":33,"column":14},"end":{"line":33,"column":17}},"locations":[{"start":{"line":33,"column":14},"end":{"line":33,"column":17}}]},"28":{"type":"branch","line":33,"loc":{"start":{"line":33,"column":14},"end":{"line":34,"column":23}},"locations":[{"start":{"line":33,"column":14},"end":{"line":34,"column":23}}]},"29":{"type":"branch","line":35,"loc":{"start":{"line":35,"column":-1},"end":{"line":36,"column":41}},"locations":[{"start":{"line":35,"column":-1},"end":{"line":36,"column":41}}]},"30":{"type":"branch","line":37,"loc":{"start":{"line":37,"column":-1},"end":{"line":37,"column":33}},"locations":[{"start":{"line":37,"column":-1},"end":{"line":37,"column":33}}]},"31":{"type":"branch","line":39,"loc":{"start":{"line":39,"column":1},"end":{"line":39,"column":2}},"locations":[{"start":{"line":39,"column":1},"end":{"line":39,"column":2}}]},"32":{"type":"branch","line":41,"loc":{"start":{"line":41,"column":29},"end":{"line":57,"column":2}},"locations":[{"start":{"line":41,"column":29},"end":{"line":57,"column":2}}]},"33":{"type":"branch","line":41,"loc":{"start":{"line":41,"column":31},"end":{"line":55,"column":23}},"locations":[{"start":{"line":41,"column":31},"end":{"line":55,"column":23}}]},"34":{"type":"branch","line":41,"loc":{"start":{"line":41,"column":46},"end":{"line":55,"column":23}},"locations":[{"start":{"line":41,"column":46},"end":{"line":55,"column":23}}]},"35":{"type":"branch","line":41,"loc":{"start":{"line":41,"column":46},"end":{"line":55,"column":23}},"locations":[{"start":{"line":41,"column":46},"end":{"line":55,"column":23}}]},"36":{"type":"branch","line":41,"loc":{"start":{"line":41,"column":46},"end":{"line":46,"column":23}},"locations":[{"start":{"line":41,"column":46},"end":{"line":46,"column":23}}]},"37":{"type":"branch","line":45,"loc":{"start":{"line":45,"column":14},"end":{"line":46,"column":23}},"locations":[{"start":{"line":45,"column":14},"end":{"line":46,"column":23}}]},"38":{"type":"branch","line":47,"loc":{"start":{"line":47,"column":-1},"end":{"line":50,"column":35}},"locations":[{"start":{"line":47,"column":-1},"end":{"line":50,"column":35}}]},"39":{"type":"branch","line":51,"loc":{"start":{"line":51,"column":-1},"end":{"line":52,"column":23}},"locations":[{"start":{"line":51,"column":-1},"end":{"line":52,"column":23}}]},"40":{"type":"branch","line":51,"loc":{"start":{"line":51,"column":14},"end":{"line":52,"column":23}},"locations":[{"start":{"line":51,"column":14},"end":{"line":52,"column":23}}]},"41":{"type":"branch","line":53,"loc":{"start":{"line":53,"column":-1},"end":{"line":54,"column":33}},"locations":[{"start":{"line":53,"column":-1},"end":{"line":54,"column":33}}]},"42":{"type":"branch","line":55,"loc":{"start":{"line":55,"column":-1},"end":{"line":55,"column":23}},"locations":[{"start":{"line":55,"column":-1},"end":{"line":55,"column":23}}]},"43":{"type":"branch","line":57,"loc":{"start":{"line":57,"column":1},"end":{"line":57,"column":2}},"locations":[{"start":{"line":57,"column":1},"end":{"line":57,"column":2}}]},"44":{"type":"branch","line":59,"loc":{"start":{"line":59,"column":32},"end":{"line":69,"column":2}},"locations":[{"start":{"line":59,"column":32},"end":{"line":69,"column":2}}]},"45":{"type":"branch","line":59,"loc":{"start":{"line":59,"column":34},"end":{"line":68,"column":21}},"locations":[{"start":{"line":59,"column":34},"end":{"line":68,"column":21}}]},"46":{"type":"branch","line":59,"loc":{"start":{"line":59,"column":49},"end":{"line":68,"column":21}},"locations":[{"start":{"line":59,"column":49},"end":{"line":68,"column":21}}]},"47":{"type":"branch","line":59,"loc":{"start":{"line":59,"column":49},"end":{"line":68,"column":21}},"locations":[{"start":{"line":59,"column":49},"end":{"line":68,"column":21}}]},"48":{"type":"branch","line":59,"loc":{"start":{"line":59,"column":49},"end":{"line":61,"column":35}},"locations":[{"start":{"line":59,"column":49},"end":{"line":61,"column":35}}]},"49":{"type":"branch","line":62,"loc":{"start":{"line":62,"column":-1},"end":{"line":64,"column":23}},"locations":[{"start":{"line":62,"column":-1},"end":{"line":64,"column":23}}]},"50":{"type":"branch","line":63,"loc":{"start":{"line":63,"column":14},"end":{"line":64,"column":23}},"locations":[{"start":{"line":63,"column":14},"end":{"line":64,"column":23}}]},"51":{"type":"branch","line":65,"loc":{"start":{"line":65,"column":-1},"end":{"line":67,"column":22}},"locations":[{"start":{"line":65,"column":-1},"end":{"line":67,"column":22}}]},"52":{"type":"branch","line":68,"loc":{"start":{"line":68,"column":-1},"end":{"line":68,"column":21}},"locations":[{"start":{"line":68,"column":-1},"end":{"line":68,"column":21}}]},"53":{"type":"branch","line":69,"loc":{"start":{"line":69,"column":1},"end":{"line":69,"column":2}},"locations":[{"start":{"line":69,"column":1},"end":{"line":69,"column":2}}]}},"b":{"0":[24],"1":[0],"2":[13],"3":[11],"4":[6],"5":[13],"6":[13],"7":[24],"8":[1],"9":[1],"10":[2],"11":[4],"12":[2],"13":[2],"14":[2],"15":[1],"16":[2],"17":[4],"18":[2],"19":[2],"20":[1],"21":[2],"22":[1],"23":[3],"24":[4],"25":[7],"26":[3],"27":[1],"28":[2],"29":[1],"30":[1],"31":[3],"32":[1],"33":[4],"34":[9],"35":[13],"36":[4],"37":[2],"38":[2],"39":[2],"40":[1],"41":[1],"42":[1],"43":[4],"44":[1],"45":[2],"46":[6],"47":[7],"48":[2],"49":[2],"50":[1],"51":[1],"52":[1],"53":[2]},"fnMap":{"0":{"name":"asyncGeneratorStep","decl":{"start":{"line":2,"column":0},"end":{"line":2,"column":36}},"loc":{"start":{"line":2,"column":0},"end":{"line":2,"column":36}},"line":2},"1":{"name":"_asyncToGenerator","decl":{"start":{"line":2,"column":0},"end":{"line":2,"column":36}},"loc":{"start":{"line":2,"column":0},"end":{"line":2,"column":36}},"line":2},"2":{"name":"_next","decl":{"start":{"line":2,"column":0},"end":{"line":2,"column":36}},"loc":{"start":{"line":2,"column":0},"end":{"line":2,"column":36}},"line":2},"3":{"name":"_throw","decl":{"start":{"line":2,"column":0},"end":{"line":2,"column":36}},"loc":{"start":{"line":2,"column":0},"end":{"line":2,"column":36}},"line":2},"4":{"name":"_callee","decl":{"start":{"line":10,"column":18},"end":{"line":13,"column":35}},"loc":{"start":{"line":10,"column":18},"end":{"line":13,"column":35}},"line":10},"5":{"name":"_callee2","decl":{"start":{"line":16,"column":27},"end":{"line":18,"column":20}},"loc":{"start":{"line":16,"column":27},"end":{"line":18,"column":20}},"line":16},"6":{"name":"_callee2$","decl":{"start":{"line":16,"column":42},"end":{"line":18,"column":20}},"loc":{"start":{"line":16,"column":42},"end":{"line":18,"column":20}},"line":16},"7":{"name":"_callee3","decl":{"start":{"line":21,"column":31},"end":{"line":28,"column":3}},"loc":{"start":{"line":21,"column":31},"end":{"line":28,"column":3}},"line":21},"8":{"name":"_callee3$","decl":{"start":{"line":21,"column":46},"end":{"line":28,"column":3}},"loc":{"start":{"line":21,"column":46},"end":{"line":28,"column":3}},"line":21},"9":{"name":"_callee4","decl":{"start":{"line":31,"column":28},"end":{"line":37,"column":33}},"loc":{"start":{"line":31,"column":28},"end":{"line":37,"column":33}},"line":31},"10":{"name":"_callee4$","decl":{"start":{"line":31,"column":43},"end":{"line":37,"column":33}},"loc":{"start":{"line":31,"column":43},"end":{"line":37,"column":33}},"line":31},"11":{"name":"_callee5","decl":{"start":{"line":41,"column":31},"end":{"line":55,"column":23}},"loc":{"start":{"line":41,"column":31},"end":{"line":55,"column":23}},"line":41},"12":{"name":"_callee5$","decl":{"start":{"line":41,"column":46},"end":{"line":55,"column":23}},"loc":{"start":{"line":41,"column":46},"end":{"line":55,"column":23}},"line":41},"13":{"name":"_callee6","decl":{"start":{"line":59,"column":34},"end":{"line":68,"column":21}},"loc":{"start":{"line":59,"column":34},"end":{"line":68,"column":21}},"line":59},"14":{"name":"_callee6$","decl":{"start":{"line":59,"column":49},"end":{"line":68,"column":21}},"loc":{"start":{"line":59,"column":49},"end":{"line":68,"column":21}},"line":59}},"f":{"0":24,"1":6,"2":24,"3":0,"4":0,"5":2,"6":4,"7":2,"8":4,"9":3,"10":4,"11":4,"12":9,"13":2,"14":6}}
,"/home/prabowosakti/belajar-nodejs-ulises/NodeJS-for-Beginners/step0/store.mjs": {"path":"/home/prabowosakti/belajar-nodejs-ulises/NodeJS-for-Beginners/step0/store.mjs","all":false,"statementMap":{"0":{"start":{"line":1,"column":0},"end":{"line":1,"column":34}},"1":{"start":{"line":2,"column":0},"end":{"line":2,"column":29}},"2":{"start":{"line":3,"column":0},"end":{"line":3,"column":0}},"3":{"start":{"line":4,"column":0},"end":{"line":4,"column":53}},"4":{"start":{"line":5,"column":0},"end":{"line":5,"column":0}},"5":{"start":{"line":6,"column":0},"end":{"line":6,"column":31}},"6":{"start":{"line":7,"column":0},"end":{"line":7,"column":54}},"7":{"start":{"line":8,"column":0},"end":{"line":8,"column":2}},"8":{"start":{"line":9,"column":0},"end":{"line":9,"column":0}},"9":{"start":{"line":10,"column":0},"end":{"line":10,"column":30}},"10":{"start":{"line":11,"column":0},"end":{"line":11,"column":52}},"11":{"start":{"line":12,"column":0},"end":{"line":12,"column":26}},"12":{"start":{"line":13,"column":0},"end":{"line":13,"column":2}},"13":{"start":{"line":14,"column":0},"end":{"line":14,"column":0}},"14":{"start":{"line":15,"column":0},"end":{"line":15,"column":24}},"15":{"start":{"line":16,"column":0},"end":{"line":16,"column":0}},"16":{"start":{"line":17,"column":0},"end":{"line":17,"column":31}},"17":{"start":{"line":18,"column":0},"end":{"line":18,"column":32}},"18":{"start":{"line":19,"column":0},"end":{"line":19,"column":45}},"19":{"start":{"line":20,"column":0},"end":{"line":20,"column":2}},"20":{"start":{"line":21,"column":0},"end":{"line":21,"column":0}},"21":{"start":{"line":22,"column":0},"end":{"line":22,"column":35}},"22":{"start":{"line":23,"column":0},"end":{"line":23,"column":32}},"23":{"start":{"line":24,"column":0},"end":{"line":24,"column":51}},"24":{"start":{"line":25,"column":0},"end":{"line":25,"column":44}},"25":{"start":{"line":26,"column":0},"end":{"line":26,"column":17}},"26":{"start":{"line":27,"column":0},"end":{"line":27,"column":2}},"27":{"start":{"line":28,"column":0},"end":{"line":28,"column":0}},"28":{"start":{"line":29,"column":0},"end":{"line":29,"column":43}},"29":{"start":{"line":30,"column":0},"end":{"line":30,"column":32}},"30":{"start":{"line":31,"column":0},"end":{"line":31,"column":41}},"31":{"start":{"line":32,"column":0},"end":{"line":32,"column":28}},"32":{"start":{"line":33,"column":0},"end":{"line":33,"column":37}},"33":{"start":{"line":34,"column":0},"end":{"line":34,"column":5}},"34":{"start":{"line":35,"column":0},"end":{"line":35,"column":19}},"35":{"start":{"line":36,"column":0},"end":{"line":36,"column":5}},"36":{"start":{"line":37,"column":0},"end":{"line":37,"column":29}},"37":{"start":{"line":38,"column":0},"end":{"line":38,"column":2}},"38":{"start":{"line":39,"column":0},"end":{"line":39,"column":0}},"39":{"start":{"line":40,"column":0},"end":{"line":40,"column":34}},"40":{"start":{"line":41,"column":0},"end":{"line":41,"column":32}},"41":{"start":{"line":42,"column":0},"end":{"line":42,"column":65}},"42":{"start":{"line":43,"column":0},"end":{"line":43,"column":2}},"43":{"start":{"line":44,"column":0},"end":{"line":44,"column":0}},"44":{"start":{"line":45,"column":0},"end":{"line":45,"column":59}}},"s":{"0":1,"1":0,"2":1,"3":1,"4":1,"5":1,"6":11,"7":11,"8":1,"9":1,"10":29,"11":29,"12":1,"13":1,"14":1,"15":1,"16":1,"17":13,"18":13,"19":1,"20":1,"21":1,"22":3,"23":3,"24":3,"25":3,"26":1,"27":1,"28":1,"29":4,"30":4,"31":8,"32":3,"33":3,"34":5,"35":4,"36":4,"37":1,"38":1,"39":1,"40":4,"41":4,"42":1,"43":1,"44":1},"branchMap":{"0":{"type":"branch","line":2,"loc":{"start":{"line":2,"column":0},"end":{"line":2,"column":29}},"locations":[{"start":{"line":2,"column":0},"end":{"line":2,"column":29}}]},"1":{"type":"branch","line":2,"loc":{"start":{"line":2,"column":0},"end":{"line":2,"column":29}},"locations":[{"start":{"line":2,"column":0},"end":{"line":2,"column":29}}]},"2":{"type":"branch","line":2,"loc":{"start":{"line":2,"column":0},"end":{"line":2,"column":29}},"locations":[{"start":{"line":2,"column":0},"end":{"line":2,"column":29}}]},"3":{"type":"branch","line":2,"loc":{"start":{"line":2,"column":0},"end":{"line":2,"column":29}},"locations":[{"start":{"line":2,"column":0},"end":{"line":2,"column":29}}]},"4":{"type":"branch","line":2,"loc":{"start":{"line":2,"column":0},"end":{"line":2,"column":29}},"locations":[{"start":{"line":2,"column":0},"end":{"line":2,"column":29}}]},"5":{"type":"branch","line":2,"loc":{"start":{"line":2,"column":0},"end":{"line":2,"column":29}},"locations":[{"start":{"line":2,"column":0},"end":{"line":2,"column":29}}]},"6":{"type":"branch","line":2,"loc":{"start":{"line":2,"column":0},"end":{"line":2,"column":29}},"locations":[{"start":{"line":2,"column":0},"end":{"line":2,"column":29}}]},"7":{"type":"branch","line":2,"loc":{"start":{"line":2,"column":0},"end":{"line":2,"column":29}},"locations":[{"start":{"line":2,"column":0},"end":{"line":2,"column":29}}]},"8":{"type":"branch","line":2,"loc":{"start":{"line":2,"column":0},"end":{"line":2,"column":29}},"locations":[{"start":{"line":2,"column":0},"end":{"line":2,"column":29}}]},"9":{"type":"branch","line":2,"loc":{"start":{"line":2,"column":0},"end":{"line":2,"column":29}},"locations":[{"start":{"line":2,"column":0},"end":{"line":2,"column":29}}]},"10":{"type":"branch","line":2,"loc":{"start":{"line":2,"column":0},"end":{"line":2,"column":29}},"locations":[{"start":{"line":2,"column":0},"end":{"line":2,"column":29}}]},"11":{"type":"branch","line":2,"loc":{"start":{"line":2,"column":0},"end":{"line":2,"column":29}},"locations":[{"start":{"line":2,"column":0},"end":{"line":2,"column":29}}]},"12":{"type":"branch","line":2,"loc":{"start":{"line":2,"column":0},"end":{"line":2,"column":29}},"locations":[{"start":{"line":2,"column":0},"end":{"line":2,"column":29}}]},"13":{"type":"branch","line":2,"loc":{"start":{"line":2,"column":0},"end":{"line":2,"column":29}},"locations":[{"start":{"line":2,"column":0},"end":{"line":2,"column":29}}]},"14":{"type":"branch","line":2,"loc":{"start":{"line":2,"column":0},"end":{"line":2,"column":29}},"locations":[{"start":{"line":2,"column":0},"end":{"line":2,"column":29}}]},"15":{"type":"branch","line":2,"loc":{"start":{"line":2,"column":0},"end":{"line":2,"column":29}},"locations":[{"start":{"line":2,"column":0},"end":{"line":2,"column":29}}]},"16":{"type":"branch","line":2,"loc":{"start":{"line":2,"column":0},"end":{"line":2,"column":29}},"locations":[{"start":{"line":2,"column":0},"end":{"line":2,"column":29}}]},"17":{"type":"branch","line":2,"loc":{"start":{"line":2,"column":0},"end":{"line":2,"column":29}},"locations":[{"start":{"line":2,"column":0},"end":{"line":2,"column":29}}]},"18":{"type":"branch","line":2,"loc":{"start":{"line":2,"column":0},"end":{"line":2,"column":29}},"locations":[{"start":{"line":2,"column":0},"end":{"line":2,"column":29}}]},"19":{"type":"branch","line":2,"loc":{"start":{"line":2,"column":0},"end":{"line":2,"column":29}},"locations":[{"start":{"line":2,"column":0},"end":{"line":2,"column":29}}]},"20":{"type":"branch","line":2,"loc":{"start":{"line":2,"column":0},"end":{"line":2,"column":29}},"locations":[{"start":{"line":2,"column":0},"end":{"line":2,"column":29}}]},"21":{"type":"branch","line":2,"loc":{"start":{"line":2,"column":0},"end":{"line":2,"column":29}},"locations":[{"start":{"line":2,"column":0},"end":{"line":2,"column":29}}]},"22":{"type":"branch","line":2,"loc":{"start":{"line":2,"column":0},"end":{"line":2,"column":29}},"locations":[{"start":{"line":2,"column":0},"end":{"line":2,"column":29}}]},"23":{"type":"branch","line":2,"loc":{"start":{"line":2,"column":0},"end":{"line":2,"column":29}},"locations":[{"start":{"line":2,"column":0},"end":{"line":2,"column":29}}]},"24":{"type":"branch","line":2,"loc":{"start":{"line":2,"column":0},"end":{"line":2,"column":29}},"locations":[{"start":{"line":2,"column":0},"end":{"line":2,"column":29}}]},"25":{"type":"branch","line":2,"loc":{"start":{"line":2,"column":0},"end":{"line":2,"column":29}},"locations":[{"start":{"line":2,"column":0},"end":{"line":2,"column":29}}]},"26":{"type":"branch","line":2,"loc":{"start":{"line":2,"column":0},"end":{"line":2,"column":29}},"locations":[{"start":{"line":2,"column":0},"end":{"line":2,"column":29}}]},"27":{"type":"branch","line":2,"loc":{"start":{"line":2,"column":0},"end":{"line":2,"column":29}},"locations":[{"start":{"line":2,"column":0},"end":{"line":2,"column":29}}]},"28":{"type":"branch","line":2,"loc":{"start":{"line":2,"column":0},"end":{"line":2,"column":29}},"locations":[{"start":{"line":2,"column":0},"end":{"line":2,"column":29}}]},"29":{"type":"branch","line":2,"loc":{"start":{"line":2,"column":0},"end":{"line":2,"column":29}},"locations":[{"start":{"line":2,"column":0},"end":{"line":2,"column":29}}]},"30":{"type":"branch","line":2,"loc":{"start":{"line":2,"column":0},"end":{"line":2,"column":29}},"locations":[{"start":{"line":2,"column":0},"end":{"line":2,"column":29}}]},"31":{"type":"branch","line":2,"loc":{"start":{"line":2,"column":0},"end":{"line":2,"column":29}},"locations":[{"start":{"line":2,"column":0},"end":{"line":2,"column":29}}]},"32":{"type":"branch","line":2,"loc":{"start":{"line":2,"column":0},"end":{"line":2,"column":29}},"locations":[{"start":{"line":2,"column":0},"end":{"line":2,"column":29}}]},"33":{"type":"branch","line":2,"loc":{"start":{"line":2,"column":0},"end":{"line":2,"column":29}},"locations":[{"start":{"line":2,"column":0},"end":{"line":2,"column":29}}]},"34":{"type":"branch","line":2,"loc":{"start":{"line":2,"column":0},"end":{"line":2,"column":29}},"locations":[{"start":{"line":2,"column":0},"end":{"line":2,"column":29}}]},"35":{"type":"branch","line":2,"loc":{"start":{"line":2,"column":0},"end":{"line":2,"column":29}},"locations":[{"start":{"line":2,"column":0},"end":{"line":2,"column":29}}]},"36":{"type":"branch","line":2,"loc":{"start":{"line":2,"column":0},"end":{"line":2,"column":29}},"locations":[{"start":{"line":2,"column":0},"end":{"line":2,"column":29}}]},"37":{"type":"branch","line":2,"loc":{"start":{"line":2,"column":0},"end":{"line":2,"column":29}},"locations":[{"start":{"line":2,"column":0},"end":{"line":2,"column":29}}]},"38":{"type":"branch","line":2,"loc":{"start":{"line":2,"column":0},"end":{"line":2,"column":29}},"locations":[{"start":{"line":2,"column":0},"end":{"line":2,"column":29}}]},"39":{"type":"branch","line":2,"loc":{"start":{"line":2,"column":0},"end":{"line":2,"column":29}},"locations":[{"start":{"line":2,"column":0},"end":{"line":2,"column":29}}]},"40":{"type":"branch","line":2,"loc":{"start":{"line":2,"column":0},"end":{"line":2,"column":29}},"locations":[{"start":{"line":2,"column":0},"end":{"line":2,"column":29}}]},"41":{"type":"branch","line":2,"loc":{"start":{"line":2,"column":0},"end":{"line":2,"column":29}},"locations":[{"start":{"line":2,"column":0},"end":{"line":2,"column":29}}]},"42":{"type":"branch","line":2,"loc":{"start":{"line":2,"column":0},"end":{"line":2,"column":29}},"locations":[{"start":{"line":2,"column":0},"end":{"line":2,"column":29}}]},"43":{"type":"branch","line":2,"loc":{"start":{"line":2,"column":0},"end":{"line":2,"column":29}},"locations":[{"start":{"line":2,"column":0},"end":{"line":2,"column":29}}]},"44":{"type":"branch","line":2,"loc":{"start":{"line":2,"column":0},"end":{"line":2,"column":29}},"locations":[{"start":{"line":2,"column":0},"end":{"line":2,"column":29}}]},"45":{"type":"branch","line":2,"loc":{"start":{"line":2,"column":0},"end":{"line":2,"column":29}},"locations":[{"start":{"line":2,"column":0},"end":{"line":2,"column":29}}]},"46":{"type":"branch","line":2,"loc":{"start":{"line":2,"column":0},"end":{"line":2,"column":29}},"locations":[{"start":{"line":2,"column":0},"end":{"line":2,"column":29}}]},"47":{"type":"branch","line":2,"loc":{"start":{"line":2,"column":0},"end":{"line":2,"column":29}},"locations":[{"start":{"line":2,"column":0},"end":{"line":2,"column":29}}]},"48":{"type":"branch","line":2,"loc":{"start":{"line":2,"column":0},"end":{"line":2,"column":29}},"locations":[{"start":{"line":2,"column":0},"end":{"line":2,"column":29}}]},"49":{"type":"branch","line":2,"loc":{"start":{"line":2,"column":0},"end":{"line":2,"column":29}},"locations":[{"start":{"line":2,"column":0},"end":{"line":2,"column":29}}]},"50":{"type":"branch","line":2,"loc":{"start":{"line":2,"column":0},"end":{"line":2,"column":29}},"locations":[{"start":{"line":2,"column":0},"end":{"line":2,"column":29}}]},"51":{"type":"branch","line":2,"loc":{"start":{"line":2,"column":0},"end":{"line":2,"column":29}},"locations":[{"start":{"line":2,"column":0},"end":{"line":2,"column":29}}]},"52":{"type":"branch","line":2,"loc":{"start":{"line":2,"column":0},"end":{"line":2,"column":29}},"locations":[{"start":{"line":2,"column":0},"end":{"line":2,"column":29}}]},"53":{"type":"branch","line":2,"loc":{"start":{"line":2,"column":0},"end":{"line":2,"column":29}},"locations":[{"start":{"line":2,"column":0},"end":{"line":2,"column":29}}]},"54":{"type":"branch","line":2,"loc":{"start":{"line":2,"column":0},"end":{"line":2,"column":29}},"locations":[{"start":{"line":2,"column":0},"end":{"line":2,"column":29}}]},"55":{"type":"branch","line":2,"loc":{"start":{"line":2,"column":0},"end":{"line":2,"column":29}},"locations":[{"start":{"line":2,"column":0},"end":{"line":2,"column":29}}]},"56":{"type":"branch","line":2,"loc":{"start":{"line":2,"column":0},"end":{"line":2,"column":29}},"locations":[{"start":{"line":2,"column":0},"end":{"line":2,"column":29}}]},"57":{"type":"branch","line":2,"loc":{"start":{"line":2,"column":0},"end":{"line":2,"column":29}},"locations":[{"start":{"line":2,"column":0},"end":{"line":2,"column":29}}]},"58":{"type":"branch","line":2,"loc":{"start":{"line":2,"column":0},"end":{"line":2,"column":29}},"locations":[{"start":{"line":2,"column":0},"end":{"line":2,"column":29}}]},"59":{"type":"branch","line":2,"loc":{"start":{"line":2,"column":0},"end":{"line":2,"column":29}},"locations":[{"start":{"line":2,"column":0},"end":{"line":2,"column":29}}]},"60":{"type":"branch","line":2,"loc":{"start":{"line":2,"column":0},"end":{"line":2,"column":29}},"locations":[{"start":{"line":2,"column":0},"end":{"line":2,"column":29}}]},"61":{"type":"branch","line":2,"loc":{"start":{"line":2,"column":0},"end":{"line":2,"column":29}},"locations":[{"start":{"line":2,"column":0},"end":{"line":2,"column":29}}]},"62":{"type":"branch","line":2,"loc":{"start":{"line":2,"column":0},"end":{"line":2,"column":29}},"locations":[{"start":{"line":2,"column":0},"end":{"line":2,"column":29}}]},"63":{"type":"branch","line":6,"loc":{"start":{"line":6,"column":20},"end":{"line":8,"column":2}},"locations":[{"start":{"line":6,"column":20},"end":{"line":8,"column":2}}]},"64":{"type":"branch","line":10,"loc":{"start":{"line":10,"column":14},"end":{"line":10,"column":17}},"locations":[{"start":{"line":10,"column":14},"end":{"line":10,"column":17}}]},"65":{"type":"branch","line":10,"loc":{"start":{"line":10,"column":17},"end":{"line":12,"column":26}},"locations":[{"start":{"line":10,"column":17},"end":{"line":12,"column":26}}]},"66":{"type":"branch","line":10,"loc":{"start":{"line":10,"column":17},"end":{"line":12,"column":26}},"locations":[{"start":{"line":10,"column":17},"end":{"line":12,"column":26}}]},"67":{"type":"branch","line":10,"loc":{"start":{"line":10,"column":17},"end":{"line":11,"column":52}},"locations":[{"start":{"line":10,"column":17},"end":{"line":11,"column":52}}]},"68":{"type":"branch","line":11,"loc":{"start":{"line":11,"column":51},"end":{"line":12,"column":26}},"locations":[{"start":{"line":11,"column":51},"end":{"line":12,"column":26}}]},"69":{"type":"branch","line":12,"loc":{"start":{"line":12,"column":25},"end":{"line":12,"column":26}},"locations":[{"start":{"line":12,"column":25},"end":{"line":12,"column":26}}]},"70":{"type":"branch","line":12,"loc":{"start":{"line":12,"column":25},"end":{"line":12,"column":26}},"locations":[{"start":{"line":12,"column":25},"end":{"line":12,"column":26}}]},"71":{"type":"branch","line":17,"loc":{"start":{"line":17,"column":13},"end":{"line":17,"column":16}},"locations":[{"start":{"line":17,"column":13},"end":{"line":17,"column":16}}]},"72":{"type":"branch","line":17,"loc":{"start":{"line":17,"column":16},"end":{"line":19,"column":45}},"locations":[{"start":{"line":17,"column":16},"end":{"line":19,"column":45}}]},"73":{"type":"branch","line":17,"loc":{"start":{"line":17,"column":25},"end":{"line":19,"column":45}},"locations":[{"start":{"line":17,"column":25},"end":{"line":19,"column":45}}]},"74":{"type":"branch","line":17,"loc":{"start":{"line":17,"column":25},"end":{"line":18,"column":32}},"locations":[{"start":{"line":17,"column":25},"end":{"line":18,"column":32}}]},"75":{"type":"branch","line":18,"loc":{"start":{"line":18,"column":31},"end":{"line":19,"column":45}},"locations":[{"start":{"line":18,"column":31},"end":{"line":19,"column":45}}]},"76":{"type":"branch","line":19,"loc":{"start":{"line":19,"column":44},"end":{"line":19,"column":45}},"locations":[{"start":{"line":19,"column":44},"end":{"line":19,"column":45}}]},"77":{"type":"branch","line":19,"loc":{"start":{"line":19,"column":44},"end":{"line":19,"column":45}},"locations":[{"start":{"line":19,"column":44},"end":{"line":19,"column":45}}]},"78":{"type":"branch","line":19,"loc":{"start":{"line":19,"column":19},"end":{"line":19,"column":44}},"locations":[{"start":{"line":19,"column":19},"end":{"line":19,"column":44}}]},"79":{"type":"branch","line":22,"loc":{"start":{"line":22,"column":12},"end":{"line":22,"column":15}},"locations":[{"start":{"line":22,"column":12},"end":{"line":22,"column":15}}]},"80":{"type":"branch","line":22,"loc":{"start":{"line":22,"column":15},"end":{"line":26,"column":17}},"locations":[{"start":{"line":22,"column":15},"end":{"line":26,"column":17}}]},"81":{"type":"branch","line":22,"loc":{"start":{"line":22,"column":29},"end":{"line":26,"column":17}},"locations":[{"start":{"line":22,"column":29},"end":{"line":26,"column":17}}]},"82":{"type":"branch","line":22,"loc":{"start":{"line":22,"column":29},"end":{"line":23,"column":32}},"locations":[{"start":{"line":22,"column":29},"end":{"line":23,"column":32}}]},"83":{"type":"branch","line":23,"loc":{"start":{"line":23,"column":31},"end":{"line":25,"column":44}},"locations":[{"start":{"line":23,"column":31},"end":{"line":25,"column":44}}]},"84":{"type":"branch","line":25,"loc":{"start":{"line":25,"column":43},"end":{"line":26,"column":17}},"locations":[{"start":{"line":25,"column":43},"end":{"line":26,"column":17}}]},"85":{"type":"branch","line":26,"loc":{"start":{"line":26,"column":16},"end":{"line":26,"column":17}},"locations":[{"start":{"line":26,"column":16},"end":{"line":26,"column":17}}]},"86":{"type":"branch","line":26,"loc":{"start":{"line":26,"column":16},"end":{"line":26,"column":17}},"locations":[{"start":{"line":26,"column":16},"end":{"line":26,"column":17}}]},"87":{"type":"branch","line":29,"loc":{"start":{"line":29,"column":16},"end":{"line":29,"column":19}},"locations":[{"start":{"line":29,"column":16},"end":{"line":29,"column":19}}]},"88":{"type":"branch","line":29,"loc":{"start":{"line":29,"column":19},"end":{"line":37,"column":29}},"locations":[{"start":{"line":29,"column":19},"end":{"line":37,"column":29}}]},"89":{"type":"branch","line":29,"loc":{"start":{"line":29,"column":37},"end":{"line":37,"column":29}},"locations":[{"start":{"line":29,"column":37},"end":{"line":37,"column":29}}]},"90":{"type":"branch","line":29,"loc":{"start":{"line":29,"column":37},"end":{"line":30,"column":32}},"locations":[{"start":{"line":29,"column":37},"end":{"line":30,"column":32}}]},"91":{"type":"branch","line":30,"loc":{"start":{"line":30,"column":31},"end":{"line":37,"column":29}},"locations":[{"start":{"line":30,"column":31},"end":{"line":37,"column":29}}]},"92":{"type":"branch","line":37,"loc":{"start":{"line":37,"column":28},"end":{"line":37,"column":29}},"locations":[{"start":{"line":37,"column":28},"end":{"line":37,"column":29}}]},"93":{"type":"branch","line":37,"loc":{"start":{"line":37,"column":28},"end":{"line":37,"column":29}},"locations":[{"start":{"line":37,"column":28},"end":{"line":37,"column":29}}]},"94":{"type":"branch","line":31,"loc":{"start":{"line":31,"column":27},"end":{"line":36,"column":3}},"locations":[{"start":{"line":31,"column":27},"end":{"line":36,"column":3}}]},"95":{"type":"branch","line":32,"loc":{"start":{"line":32,"column":27},"end":{"line":36,"column":3}},"locations":[{"start":{"line":32,"column":27},"end":{"line":36,"column":3}}]},"96":{"type":"branch","line":32,"loc":{"start":{"line":32,"column":27},"end":{"line":34,"column":5}},"locations":[{"start":{"line":32,"column":27},"end":{"line":34,"column":5}}]},"97":{"type":"branch","line":34,"loc":{"start":{"line":34,"column":4},"end":{"line":36,"column":3}},"locations":[{"start":{"line":34,"column":4},"end":{"line":36,"column":3}}]},"98":{"type":"branch","line":40,"loc":{"start":{"line":40,"column":16},"end":{"line":40,"column":19}},"locations":[{"start":{"line":40,"column":16},"end":{"line":40,"column":19}}]},"99":{"type":"branch","line":40,"loc":{"start":{"line":40,"column":19},"end":{"line":42,"column":65}},"locations":[{"start":{"line":40,"column":19},"end":{"line":42,"column":65}}]},"100":{"type":"branch","line":40,"loc":{"start":{"line":40,"column":28},"end":{"line":42,"column":65}},"locations":[{"start":{"line":40,"column":28},"end":{"line":42,"column":65}}]},"101":{"type":"branch","line":40,"loc":{"start":{"line":40,"column":28},"end":{"line":41,"column":32}},"locations":[{"start":{"line":40,"column":28},"end":{"line":41,"column":32}}]},"102":{"type":"branch","line":41,"loc":{"start":{"line":41,"column":31},"end":{"line":42,"column":65}},"locations":[{"start":{"line":41,"column":31},"end":{"line":42,"column":65}}]},"103":{"type":"branch","line":42,"loc":{"start":{"line":42,"column":64},"end":{"line":42,"column":65}},"locations":[{"start":{"line":42,"column":64},"end":{"line":42,"column":65}}]},"104":{"type":"branch","line":42,"loc":{"start":{"line":42,"column":64},"end":{"line":42,"column":65}},"locations":[{"start":{"line":42,"column":64},"end":{"line":42,"column":65}}]},"105":{"type":"branch","line":42,"loc":{"start":{"line":42,"column":32},"end":{"line":42,"column":63}},"locations":[{"start":{"line":42,"column":32},"end":{"line":42,"column":63}}]}},"b":{"0":[0],"1":[0],"2":[0],"3":[0],"4":[0],"5":[0],"6":[61],"7":[26],"8":[53],"9":[0],"10":[162],"11":[0],"12":[4],"13":[12],"14":[117],"15":[53],"16":[117],"17":[0],"18":[0],"19":[162],"20":[0],"21":[117],"22":[45],"23":[0],"24":[53],"25":[109],"26":[45],"27":[117],"28":[0],"29":[53],"30":[53],"31":[2],"32":[0],"33":[0],"34":[0],"35":[10],"36":[0],"37":[53],"38":[0],"39":[53],"40":[0],"41":[90],"42":[0],"43":[0],"44":[0],"45":[0],"46":[0],"47":[0],"48":[0],"49":[0],"50":[0],"51":[90],"52":[0],"53":[0],"54":[0],"55":[117],"56":[0],"57":[53],"58":[64],"59":[10],"60":[53],"61":[53],"62":[117],"63":[11],"64":[2],"65":[29],"66":[87],"67":[29],"68":[29],"69":[0],"70":[29],"71":[2],"72":[13],"73":[39],"74":[13],"75":[13],"76":[0],"77":[13],"78":[21],"79":[2],"80":[3],"81":[12],"82":[3],"83":[3],"84":[3],"85":[0],"86":[3],"87":[2],"88":[4],"89":[12],"90":[4],"91":[4],"92":[4],"93":[4],"94":[8],"95":[7],"96":[3],"97":[5],"98":[2],"99":[4],"100":[12],"101":[4],"102":[4],"103":[4],"104":[4],"105":[8]},"fnMap":{"0":{"name":"_regeneratorRuntime","decl":{"start":{"line":2,"column":0},"end":{"line":2,"column":29}},"loc":{"start":{"line":2,"column":0},"end":{"line":2,"column":29}},"line":2},"1":{"name":"o","decl":{"start":{"line":2,"column":0},"end":{"line":2,"column":29}},"loc":{"start":{"line":2,"column":0},"end":{"line":2,"column":29}},"line":2},"2":{"name":"define","decl":{"start":{"line":2,"column":0},"end":{"line":2,"column":29}},"loc":{"start":{"line":2,"column":0},"end":{"line":2,"column":29}},"line":2},"3":{"name":"define","decl":{"start":{"line":2,"column":0},"end":{"line":2,"column":29}},"loc":{"start":{"line":2,"column":0},"end":{"line":2,"column":29}},"line":2},"4":{"name":"wrap","decl":{"start":{"line":2,"column":0},"end":{"line":2,"column":29}},"loc":{"start":{"line":2,"column":0},"end":{"line":2,"column":29}},"line":2},"5":{"name":"tryCatch","decl":{"start":{"line":2,"column":0},"end":{"line":2,"column":29}},"loc":{"start":{"line":2,"column":0},"end":{"line":2,"column":29}},"line":2},"6":{"name":"Generator","decl":{"start":{"line":2,"column":0},"end":{"line":2,"column":29}},"loc":{"start":{"line":2,"column":0},"end":{"line":2,"column":29}},"line":2},"7":{"name":"GeneratorFunction","decl":{"start":{"line":2,"column":0},"end":{"line":2,"column":29}},"loc":{"start":{"line":2,"column":0},"end":{"line":2,"column":29}},"line":2},"8":{"name":"GeneratorFunctionPrototype","decl":{"start":{"line":2,"column":0},"end":{"line":2,"column":29}},"loc":{"start":{"line":2,"column":0},"end":{"line":2,"column":29}},"line":2},"9":{"name":"defineIteratorMethods","decl":{"start":{"line":2,"column":0},"end":{"line":2,"column":29}},"loc":{"start":{"line":2,"column":0},"end":{"line":2,"column":29}},"line":2},"10":{"name":"AsyncIterator","decl":{"start":{"line":2,"column":0},"end":{"line":2,"column":29}},"loc":{"start":{"line":2,"column":0},"end":{"line":2,"column":29}},"line":2},"11":{"name":"makeInvokeMethod","decl":{"start":{"line":2,"column":0},"end":{"line":2,"column":29}},"loc":{"start":{"line":2,"column":0},"end":{"line":2,"column":29}},"line":2},"12":{"name":"maybeInvokeDelegate","decl":{"start":{"line":2,"column":0},"end":{"line":2,"column":29}},"loc":{"start":{"line":2,"column":0},"end":{"line":2,"column":29}},"line":2},"13":{"name":"pushTryEntry","decl":{"start":{"line":2,"column":0},"end":{"line":2,"column":29}},"loc":{"start":{"line":2,"column":0},"end":{"line":2,"column":29}},"line":2},"14":{"name":"resetTryEntry","decl":{"start":{"line":2,"column":0},"end":{"line":2,"column":29}},"loc":{"start":{"line":2,"column":0},"end":{"line":2,"column":29}},"line":2},"15":{"name":"Context","decl":{"start":{"line":2,"column":0},"end":{"line":2,"column":29}},"loc":{"start":{"line":2,"column":0},"end":{"line":2,"column":29}},"line":2},"16":{"name":"values","decl":{"start":{"line":2,"column":0},"end":{"line":2,"column":29}},"loc":{"start":{"line":2,"column":0},"end":{"line":2,"column":29}},"line":2},"17":{"name":"next","decl":{"start":{"line":2,"column":0},"end":{"line":2,"column":29}},"loc":{"start":{"line":2,"column":0},"end":{"line":2,"column":29}},"line":2},"18":{"name":"e.isGeneratorFunction","decl":{"start":{"line":2,"column":0},"end":{"line":2,"column":29}},"loc":{"start":{"line":2,"column":0},"end":{"line":2,"column":29}},"line":2},"19":{"name":"e.mark","decl":{"start":{"line":2,"column":0},"end":{"line":2,"column":29}},"loc":{"start":{"line":2,"column":0},"end":{"line":2,"column":29}},"line":2},"20":{"name":"e.awrap","decl":{"start":{"line":2,"column":0},"end":{"line":2,"column":29}},"loc":{"start":{"line":2,"column":0},"end":{"line":2,"column":29}},"line":2},"21":{"name":"e.async","decl":{"start":{"line":2,"column":0},"end":{"line":2,"column":29}},"loc":{"start":{"line":2,"column":0},"end":{"line":2,"column":29}},"line":2},"22":{"name":"e.keys","decl":{"start":{"line":2,"column":0},"end":{"line":2,"column":29}},"loc":{"start":{"line":2,"column":0},"end":{"line":2,"column":29}},"line":2},"23":{"name":"reset","decl":{"start":{"line":2,"column":0},"end":{"line":2,"column":29}},"loc":{"start":{"line":2,"column":0},"end":{"line":2,"column":29}},"line":2},"24":{"name":"stop","decl":{"start":{"line":2,"column":0},"end":{"line":2,"column":29}},"loc":{"start":{"line":2,"column":0},"end":{"line":2,"column":29}},"line":2},"25":{"name":"dispatchException","decl":{"start":{"line":2,"column":0},"end":{"line":2,"column":29}},"loc":{"start":{"line":2,"column":0},"end":{"line":2,"column":29}},"line":2},"26":{"name":"abrupt","decl":{"start":{"line":2,"column":0},"end":{"line":2,"column":29}},"loc":{"start":{"line":2,"column":0},"end":{"line":2,"column":29}},"line":2},"27":{"name":"complete","decl":{"start":{"line":2,"column":0},"end":{"line":2,"column":29}},"loc":{"start":{"line":2,"column":0},"end":{"line":2,"column":29}},"line":2},"28":{"name":"finish","decl":{"start":{"line":2,"column":0},"end":{"line":2,"column":29}},"loc":{"start":{"line":2,"column":0},"end":{"line":2,"column":29}},"line":2},"29":{"name":"_catch","decl":{"start":{"line":2,"column":0},"end":{"line":2,"column":29}},"loc":{"start":{"line":2,"column":0},"end":{"line":2,"column":29}},"line":2},"30":{"name":"delegateYield","decl":{"start":{"line":2,"column":0},"end":{"line":2,"column":29}},"loc":{"start":{"line":2,"column":0},"end":{"line":2,"column":29}},"line":2},"31":{"name":"asyncGeneratorStep","decl":{"start":{"line":2,"column":0},"end":{"line":2,"column":29}},"loc":{"start":{"line":2,"column":0},"end":{"line":2,"column":29}},"line":2},"32":{"name":"_asyncToGenerator","decl":{"start":{"line":2,"column":0},"end":{"line":2,"column":29}},"loc":{"start":{"line":2,"column":0},"end":{"line":2,"column":29}},"line":2},"33":{"name":"_next","decl":{"start":{"line":2,"column":0},"end":{"line":2,"column":29}},"loc":{"start":{"line":2,"column":0},"end":{"line":2,"column":29}},"line":2},"34":{"name":"_throw","decl":{"start":{"line":2,"column":0},"end":{"line":2,"column":29}},"loc":{"start":{"line":2,"column":0},"end":{"line":2,"column":29}},"line":2},"35":{"name":"saveChanges","decl":{"start":{"line":6,"column":20},"end":{"line":8,"column":2}},"loc":{"start":{"line":6,"column":20},"end":{"line":8,"column":2}},"line":6},"36":{"name":"_callee","decl":{"start":{"line":10,"column":17},"end":{"line":12,"column":26}},"loc":{"start":{"line":10,"column":17},"end":{"line":12,"column":26}},"line":10},"37":{"name":"_callee$","decl":{"start":{"line":10,"column":17},"end":{"line":12,"column":26}},"loc":{"start":{"line":10,"column":17},"end":{"line":12,"column":26}},"line":10},"38":{"name":"_callee2","decl":{"start":{"line":17,"column":16},"end":{"line":19,"column":45}},"loc":{"start":{"line":17,"column":16},"end":{"line":19,"column":45}},"line":17},"39":{"name":"_callee2$","decl":{"start":{"line":17,"column":25},"end":{"line":19,"column":45}},"loc":{"start":{"line":17,"column":25},"end":{"line":19,"column":45}},"line":17},"40":{"name":"_callee3","decl":{"start":{"line":22,"column":15},"end":{"line":26,"column":17}},"loc":{"start":{"line":22,"column":15},"end":{"line":26,"column":17}},"line":22},"41":{"name":"_callee3$","decl":{"start":{"line":22,"column":29},"end":{"line":26,"column":17}},"loc":{"start":{"line":22,"column":29},"end":{"line":26,"column":17}},"line":22},"42":{"name":"_callee4","decl":{"start":{"line":29,"column":19},"end":{"line":37,"column":29}},"loc":{"start":{"line":29,"column":19},"end":{"line":37,"column":29}},"line":29},"43":{"name":"_callee4$","decl":{"start":{"line":29,"column":37},"end":{"line":37,"column":29}},"loc":{"start":{"line":29,"column":37},"end":{"line":37,"column":29}},"line":29},"44":{"name":"_callee5","decl":{"start":{"line":40,"column":19},"end":{"line":42,"column":65}},"loc":{"start":{"line":40,"column":19},"end":{"line":42,"column":65}},"line":40},"45":{"name":"_callee5$","decl":{"start":{"line":40,"column":28},"end":{"line":42,"column":65}},"loc":{"start":{"line":40,"column":28},"end":{"line":42,"column":65}},"line":40}},"f":{"0":61,"1":0,"2":26,"3":0,"4":53,"5":162,"6":0,"7":0,"8":0,"9":4,"10":0,"11":53,"12":0,"13":0,"14":53,"15":53,"16":2,"17":0,"18":0,"19":10,"20":0,"21":0,"22":0,"23":53,"24":53,"25":0,"26":90,"27":90,"28":0,"29":0,"30":0,"31":117,"32":10,"33":117,"34":0,"35":11,"36":29,"37":87,"38":13,"39":39,"40":3,"41":12,"42":4,"43":12,"44":4,"45":12}}
,"/home/prabowosakti/belajar-nodejs-ulises/NodeJS-for-Beginners/step0/tests/fixtures.js": {"path":"/home/prabowosakti/belajar-nodejs-ulises/NodeJS-for-Beginners/step0/tests/fixtures.js","all":false,"statementMap":{"0":{"start":{"line":1,"column":0},"end":{"line":1,"column":18}},"1":{"start":{"line":2,"column":0},"end":{"line":2,"column":29}},"2":{"start":{"line":3,"column":0},"end":{"line":3,"column":35}},"3":{"start":{"line":4,"column":0},"end":{"line":4,"column":1}},"4":{"start":{"line":5,"column":0},"end":{"line":5,"column":24}},"5":{"start":{"line":6,"column":0},"end":{"line":6,"column":33}},"6":{"start":{"line":7,"column":0},"end":{"line":7,"column":43}}},"s":{"0":1,"1":1,"2":1,"3":1,"4":1,"5":1,"6":1},"branchMap":{},"b":{},"fnMap":{},"f":{}}
,"/home/prabowosakti/belajar-nodejs-ulises/NodeJS-for-Beginners/step0/tests/utils.js": {"path":"/home/prabowosakti/belajar-nodejs-ulises/NodeJS-for-Beginners/step0/tests/utils.js","all":false,"statementMap":{"0":{"start":{"line":1,"column":0},"end":{"line":1,"column":39}},"1":{"start":{"line":2,"column":0},"end":{"line":2,"column":32}},"2":{"start":{"line":3,"column":0},"end":{"line":3,"column":0}},"3":{"start":{"line":4,"column":0},"end":{"line":4,"column":45}},"4":{"start":{"line":5,"column":0},"end":{"line":5,"column":25}},"5":{"start":{"line":6,"column":0},"end":{"line":6,"column":50}},"6":{"start":{"line":7,"column":0},"end":{"line":7,"column":1}},"7":{"start":{"line":8,"column":0},"end":{"line":8,"column":30}},"8":{"start":{"line":9,"column":0},"end":{"line":9,"column":52}},"9":{"start":{"line":10,"column":0},"end":{"line":10,"column":1}},"10":{"start":{"line":11,"column":0},"end":{"line":11,"column":0}},"11":{"start":{"line":12,"column":0},"end":{"line":12,"column":32}}},"s":{"0":1,"1":1,"2":1,"3":1,"4":1,"5":4,"6":4,"7":1,"8":25,"9":25,"10":1,"11":1},"branchMap":{"0":{"type":"branch","line":5,"loc":{"start":{"line":5,"column":18},"end":{"line":7,"column":1}},"locations":[{"start":{"line":5,"column":18},"end":{"line":7,"column":1}}]},"1":{"type":"branch","line":8,"loc":{"start":{"line":8,"column":19},"end":{"line":10,"column":1}},"locations":[{"start":{"line":8,"column":19},"end":{"line":10,"column":1}}]}},"b":{"0":[4],"1":[25]},"fnMap":{"0":{"name":"restoreDb","decl":{"start":{"line":5,"column":18},"end":{"line":7,"column":1}},"loc":{"start":{"line":5,"column":18},"end":{"line":7,"column":1}},"line":5},"1":{"name":"populateDb","decl":{"start":{"line":8,"column":19},"end":{"line":10,"column":1}},"loc":{"start":{"line":8,"column":19},"end":{"line":10,"column":1}},"line":8}},"f":{"0":4,"1":25}}
}
