TN:
SF:server.mjs
FN:2,asyncGeneratorStep
FN:2,_asyncToGenerator
FN:2,_next
FN:2,_throw
FN:10,_callee
FN:16,_callee2
FN:16,_callee2$
FN:21,_callee3
FN:21,_callee3$
FN:31,_callee4
FN:31,_callee4$
FN:41,_callee5
FN:41,_callee5$
FN:59,_callee6
FN:59,_callee6$
FNF:15
FNH:13
FNDA:24,asyncGeneratorStep
FNDA:6,_asyncToGenerator
FNDA:24,_next
FNDA:0,_throw
FNDA:0,_callee
FNDA:2,_callee2
FNDA:4,_callee2$
FNDA:2,_callee3
FNDA:4,_callee3$
FNDA:3,_callee4
FNDA:4,_callee4$
FNDA:4,_callee5
FNDA:9,_callee5$
FNDA:2,_callee6
FNDA:6,_callee6$
DA:1,1
DA:2,0
DA:3,1
DA:4,1
DA:5,1
DA:6,1
DA:7,1
DA:8,1
DA:9,1
DA:10,1
DA:11,0
DA:12,0
DA:13,0
DA:14,1
DA:15,1
DA:16,1
DA:17,2
DA:18,2
DA:19,1
DA:20,1
DA:21,1
DA:22,2
DA:23,2
DA:24,2
DA:25,1
DA:26,1
DA:27,1
DA:28,1
DA:29,1
DA:30,1
DA:31,1
DA:32,3
DA:33,3
DA:34,2
DA:35,1
DA:36,1
DA:37,1
DA:38,1
DA:39,1
DA:40,1
DA:41,1
DA:42,4
DA:43,4
DA:44,4
DA:45,4
DA:46,2
DA:47,2
DA:48,2
DA:49,2
DA:50,2
DA:51,2
DA:52,1
DA:53,1
DA:54,1
DA:55,1
DA:56,1
DA:57,1
DA:58,1
DA:59,1
DA:60,2
DA:61,2
DA:62,2
DA:63,2
DA:64,1
DA:65,1
DA:66,1
DA:67,1
DA:68,1
DA:69,1
DA:70,1
DA:71,1
LF:71
LH:67
BRDA:2,0,0,24
BRDA:2,1,0,0
BRDA:2,2,0,13
BRDA:2,3,0,11
BRDA:2,4,0,6
BRDA:2,5,0,13
BRDA:2,6,0,13
BRDA:2,7,0,24
BRDA:10,8,0,1
BRDA:16,9,0,1
BRDA:16,10,0,2
BRDA:16,11,0,4
BRDA:16,12,0,2
BRDA:18,13,0,2
BRDA:19,14,0,2
BRDA:21,15,0,1
BRDA:21,16,0,2
BRDA:21,17,0,4
BRDA:21,18,0,2
BRDA:24,19,0,2
BRDA:24,20,0,1
BRDA:29,21,0,2
BRDA:31,22,0,1
BRDA:31,23,0,3
BRDA:31,24,0,4
BRDA:31,25,0,7
BRDA:31,26,0,3
BRDA:33,27,0,1
BRDA:33,28,0,2
BRDA:35,29,0,1
BRDA:37,30,0,1
BRDA:39,31,0,3
BRDA:41,32,0,1
BRDA:41,33,0,4
BRDA:41,34,0,9
BRDA:41,35,0,13
BRDA:41,36,0,4
BRDA:45,37,0,2
BRDA:47,38,0,2
BRDA:51,39,0,2
BRDA:51,40,0,1
BRDA:53,41,0,1
BRDA:55,42,0,1
BRDA:57,43,0,4
BRDA:59,44,0,1
BRDA:59,45,0,2
BRDA:59,46,0,6
BRDA:59,47,0,7
BRDA:59,48,0,2
BRDA:62,49,0,2
BRDA:63,50,0,1
BRDA:65,51,0,1
BRDA:68,52,0,1
BRDA:69,53,0,2
BRF:54
BRH:53
end_of_record
TN:
SF:store.mjs
FN:2,_regeneratorRuntime
FN:2,o
FN:2,define
FN:2,define
FN:2,wrap
FN:2,tryCatch
FN:2,Generator
FN:2,GeneratorFunction
FN:2,GeneratorFunctionPrototype
FN:2,defineIteratorMethods
FN:2,AsyncIterator
FN:2,makeInvokeMethod
FN:2,maybeInvokeDelegate
FN:2,pushTryEntry
FN:2,resetTryEntry
FN:2,Context
FN:2,values
FN:2,next
FN:2,e.isGeneratorFunction
FN:2,e.mark
FN:2,e.awrap
FN:2,e.async
FN:2,e.keys
FN:2,reset
FN:2,stop
FN:2,dispatchException
FN:2,abrupt
FN:2,complete
FN:2,finish
FN:2,_catch
FN:2,delegateYield
FN:2,asyncGeneratorStep
FN:2,_asyncToGenerator
FN:2,_next
FN:2,_throw
FN:6,saveChanges
FN:10,_callee
FN:10,_callee$
FN:17,_callee2
FN:17,_callee2$
FN:22,_callee3
FN:22,_callee3$
FN:29,_callee4
FN:29,_callee4$
FN:40,_callee5
FN:40,_callee5$
FNF:46
FNH:28
FNDA:61,_regeneratorRuntime
FNDA:0,o
FNDA:26,define
FNDA:0,define
FNDA:53,wrap
FNDA:162,tryCatch
FNDA:0,Generator
FNDA:0,GeneratorFunction
FNDA:0,GeneratorFunctionPrototype
FNDA:4,defineIteratorMethods
FNDA:0,AsyncIterator
FNDA:53,makeInvokeMethod
FNDA:0,maybeInvokeDelegate
FNDA:0,pushTryEntry
FNDA:53,resetTryEntry
FNDA:53,Context
FNDA:2,values
FNDA:0,next
FNDA:0,e.isGeneratorFunction
FNDA:10,e.mark
FNDA:0,e.awrap
FNDA:0,e.async
FNDA:0,e.keys
FNDA:53,reset
FNDA:53,stop
FNDA:0,dispatchException
FNDA:90,abrupt
FNDA:90,complete
FNDA:0,finish
FNDA:0,_catch
FNDA:0,delegateYield
FNDA:117,asyncGeneratorStep
FNDA:10,_asyncToGenerator
FNDA:117,_next
FNDA:0,_throw
FNDA:11,saveChanges
FNDA:29,_callee
FNDA:87,_callee$
FNDA:13,_callee2
FNDA:39,_callee2$
FNDA:3,_callee3
FNDA:12,_callee3$
FNDA:4,_callee4
FNDA:12,_callee4$
FNDA:4,_callee5
FNDA:12,_callee5$
DA:1,1
DA:2,0
DA:3,1
DA:4,1
DA:5,1
DA:6,1
DA:7,11
DA:8,11
DA:9,1
DA:10,1
DA:11,29
DA:12,29
DA:13,1
DA:14,1
DA:15,1
DA:16,1
DA:17,1
DA:18,13
DA:19,13
DA:20,1
DA:21,1
DA:22,1
DA:23,3
DA:24,3
DA:25,3
DA:26,3
DA:27,1
DA:28,1
DA:29,1
DA:30,4
DA:31,4
DA:32,8
DA:33,3
DA:34,3
DA:35,5
DA:36,4
DA:37,4
DA:38,1
DA:39,1
DA:40,1
DA:41,4
DA:42,4
DA:43,1
DA:44,1
DA:45,1
LF:45
LH:44
BRDA:2,0,0,0
BRDA:2,1,0,0
BRDA:2,2,0,0
BRDA:2,3,0,0
BRDA:2,4,0,0
BRDA:2,5,0,0
BRDA:2,6,0,61
BRDA:2,7,0,26
BRDA:2,8,0,53
BRDA:2,9,0,0
BRDA:2,10,0,162
BRDA:2,11,0,0
BRDA:2,12,0,4
BRDA:2,13,0,12
BRDA:2,14,0,117
BRDA:2,15,0,53
BRDA:2,16,0,117
BRDA:2,17,0,0
BRDA:2,18,0,0
BRDA:2,19,0,162
BRDA:2,20,0,0
BRDA:2,21,0,117
BRDA:2,22,0,45
BRDA:2,23,0,0
BRDA:2,24,0,53
BRDA:2,25,0,109
BRDA:2,26,0,45
BRDA:2,27,0,117
BRDA:2,28,0,0
BRDA:2,29,0,53
BRDA:2,30,0,53
BRDA:2,31,0,2
BRDA:2,32,0,0
BRDA:2,33,0,0
BRDA:2,34,0,0
BRDA:2,35,0,10
BRDA:2,36,0,0
BRDA:2,37,0,53
BRDA:2,38,0,0
BRDA:2,39,0,53
BRDA:2,40,0,0
BRDA:2,41,0,90
BRDA:2,42,0,0
BRDA:2,43,0,0
BRDA:2,44,0,0
BRDA:2,45,0,0
BRDA:2,46,0,0
BRDA:2,47,0,0
BRDA:2,48,0,0
BRDA:2,49,0,0
BRDA:2,50,0,0
BRDA:2,51,0,90
BRDA:2,52,0,0
BRDA:2,53,0,0
BRDA:2,54,0,0
BRDA:2,55,0,117
BRDA:2,56,0,0
BRDA:2,57,0,53
BRDA:2,58,0,64
BRDA:2,59,0,10
BRDA:2,60,0,53
BRDA:2,61,0,53
BRDA:2,62,0,117
BRDA:6,63,0,11
BRDA:10,64,0,2
BRDA:10,65,0,29
BRDA:10,66,0,87
BRDA:10,67,0,29
BRDA:11,68,0,29
BRDA:12,69,0,0
BRDA:12,70,0,29
BRDA:17,71,0,2
BRDA:17,72,0,13
BRDA:17,73,0,39
BRDA:17,74,0,13
BRDA:18,75,0,13
BRDA:19,76,0,0
BRDA:19,77,0,13
BRDA:19,78,0,21
BRDA:22,79,0,2
BRDA:22,80,0,3
BRDA:22,81,0,12
BRDA:22,82,0,3
BRDA:23,83,0,3
BRDA:25,84,0,3
BRDA:26,85,0,0
BRDA:26,86,0,3
BRDA:29,87,0,2
BRDA:29,88,0,4
BRDA:29,89,0,12
BRDA:29,90,0,4
BRDA:30,91,0,4
BRDA:37,92,0,4
BRDA:37,93,0,4
BRDA:31,94,0,8
BRDA:32,95,0,7
BRDA:32,96,0,3
BRDA:34,97,0,5
BRDA:40,98,0,2
BRDA:40,99,0,4
BRDA:40,100,0,12
BRDA:40,101,0,4
BRDA:41,102,0,4
BRDA:42,103,0,4
BRDA:42,104,0,4
BRDA:42,105,0,8
BRF:106
BRH:71
end_of_record
TN:
SF:tests/fixtures.js
FNF:0
FNH:0
DA:1,1
DA:2,1
DA:3,1
DA:4,1
DA:5,1
DA:6,1
DA:7,1
LF:7
LH:7
BRF:0
BRH:0
end_of_record
TN:
SF:tests/utils.js
FN:5,restoreDb
FN:8,populateDb
FNF:2
FNH:2
FNDA:4,restoreDb
FNDA:25,populateDb
DA:1,1
DA:2,1
DA:3,1
DA:4,1
DA:5,1
DA:6,4
DA:7,4
DA:8,1
DA:9,25
DA:10,25
DA:11,1
DA:12,1
LF:12
LH:12
BRDA:5,0,0,4
BRDA:8,1,0,25
BRF:2
BRH:2
end_of_record
